[0.454s] Invoking command in '/home/mrdulcich/DevProjs/RoboticsProjects/ros2_ws/src/turtlebot3_behavior_pkg': PYTHONPATH=/home/mrdulcich/DevProjs/RoboticsProjects/ros2_ws/build/turtlebot3_behavior_pkg/prefix_override:/usr/lib/python3/dist-packages/colcon_core/task/python/colcon_distutils_commands:/home/mrdulcich/DevProjs/RoboticsProjects/ros2_ws/install/turtlebot3_behavior_pkg/lib/python3.10/site-packages:${PYTHONPATH} /usr/bin/python3 -W ignore:setup.py install is deprecated setup.py egg_info --egg-base ../../build/turtlebot3_behavior_pkg build --build-base /home/mrdulcich/DevProjs/RoboticsProjects/ros2_ws/build/turtlebot3_behavior_pkg/build install --record /home/mrdulcich/DevProjs/RoboticsProjects/ros2_ws/build/turtlebot3_behavior_pkg/install.log --single-version-externally-managed install_data
[0.633s] running egg_info
[0.633s] writing ../../build/turtlebot3_behavior_pkg/turtlebot3_behavior_pkg.egg-info/PKG-INFO
[0.633s] writing dependency_links to ../../build/turtlebot3_behavior_pkg/turtlebot3_behavior_pkg.egg-info/dependency_links.txt
[0.633s] writing entry points to ../../build/turtlebot3_behavior_pkg/turtlebot3_behavior_pkg.egg-info/entry_points.txt
[0.634s] writing requirements to ../../build/turtlebot3_behavior_pkg/turtlebot3_behavior_pkg.egg-info/requires.txt
[0.634s] writing top-level names to ../../build/turtlebot3_behavior_pkg/turtlebot3_behavior_pkg.egg-info/top_level.txt
[0.635s] reading manifest file '../../build/turtlebot3_behavior_pkg/turtlebot3_behavior_pkg.egg-info/SOURCES.txt'
[0.636s] writing manifest file '../../build/turtlebot3_behavior_pkg/turtlebot3_behavior_pkg.egg-info/SOURCES.txt'
[0.636s] running build
[0.636s] running build_py
[0.636s] running install
[0.636s] running install_lib
[0.637s] running install_data
[0.637s] copying launch/behavior_launch.py -> /home/mrdulcich/DevProjs/RoboticsProjects/ros2_ws/install/turtlebot3_behavior_pkg/share/turtlebot3_behavior_pkg/launch
[0.637s] running install_egg_info
[0.638s] removing '/home/mrdulcich/DevProjs/RoboticsProjects/ros2_ws/install/turtlebot3_behavior_pkg/lib/python3.10/site-packages/turtlebot3_behavior_pkg-0.0.0-py3.10.egg-info' (and everything under it)
[0.639s] Copying ../../build/turtlebot3_behavior_pkg/turtlebot3_behavior_pkg.egg-info to /home/mrdulcich/DevProjs/RoboticsProjects/ros2_ws/install/turtlebot3_behavior_pkg/lib/python3.10/site-packages/turtlebot3_behavior_pkg-0.0.0-py3.10.egg-info
[0.639s] running install_scripts
[0.655s] Installing behavior_node script to /home/mrdulcich/DevProjs/RoboticsProjects/ros2_ws/install/turtlebot3_behavior_pkg/lib/turtlebot3_behavior_pkg
[0.655s] writing list of installed files to '/home/mrdulcich/DevProjs/RoboticsProjects/ros2_ws/build/turtlebot3_behavior_pkg/install.log'
[0.671s] Invoked command in '/home/mrdulcich/DevProjs/RoboticsProjects/ros2_ws/src/turtlebot3_behavior_pkg' returned '0': PYTHONPATH=/home/mrdulcich/DevProjs/RoboticsProjects/ros2_ws/build/turtlebot3_behavior_pkg/prefix_override:/usr/lib/python3/dist-packages/colcon_core/task/python/colcon_distutils_commands:/home/mrdulcich/DevProjs/RoboticsProjects/ros2_ws/install/turtlebot3_behavior_pkg/lib/python3.10/site-packages:${PYTHONPATH} /usr/bin/python3 -W ignore:setup.py install is deprecated setup.py egg_info --egg-base ../../build/turtlebot3_behavior_pkg build --build-base /home/mrdulcich/DevProjs/RoboticsProjects/ros2_ws/build/turtlebot3_behavior_pkg/build install --record /home/mrdulcich/DevProjs/RoboticsProjects/ros2_ws/build/turtlebot3_behavior_pkg/install.log --single-version-externally-managed install_data
