running egg_info
creating ../build/turtlebot3_behavior_pkg/turtlebot3_behavior_pkg.egg-info
writing ../build/turtlebot3_behavior_pkg/turtlebot3_behavior_pkg.egg-info/PKG-INFO
writing dependency_links to ../build/turtlebot3_behavior_pkg/turtlebot3_behavior_pkg.egg-info/dependency_links.txt
writing entry points to ../build/turtlebot3_behavior_pkg/turtlebot3_behavior_pkg.egg-info/entry_points.txt
writing requirements to ../build/turtlebot3_behavior_pkg/turtlebot3_behavior_pkg.egg-info/requires.txt
writing top-level names to ../build/turtlebot3_behavior_pkg/turtlebot3_behavior_pkg.egg-info/top_level.txt
writing manifest file '../build/turtlebot3_behavior_pkg/turtlebot3_behavior_pkg.egg-info/SOURCES.txt'
reading manifest file '../build/turtlebot3_behavior_pkg/turtlebot3_behavior_pkg.egg-info/SOURCES.txt'
writing manifest file '../build/turtlebot3_behavior_pkg/turtlebot3_behavior_pkg.egg-info/SOURCES.txt'
running build
running build_py
creating /home/mrdulcich/DevProjs/RoboticsProjects/ros2_ws/src/build/turtlebot3_behavior_pkg/build
creating /home/mrdulcich/DevProjs/RoboticsProjects/ros2_ws/src/build/turtlebot3_behavior_pkg/build/lib
creating /home/mrdulcich/DevProjs/RoboticsProjects/ros2_ws/src/build/turtlebot3_behavior_pkg/build/lib/turtlebot3_behavior_pkg
copying turtlebot3_behavior_pkg/behavior_node.py -> /home/mrdulcich/DevProjs/RoboticsProjects/ros2_ws/src/build/turtlebot3_behavior_pkg/build/lib/turtlebot3_behavior_pkg
copying turtlebot3_behavior_pkg/__init__.py -> /home/mrdulcich/DevProjs/RoboticsProjects/ros2_ws/src/build/turtlebot3_behavior_pkg/build/lib/turtlebot3_behavior_pkg
copying turtlebot3_behavior_pkg/teleop_node.py -> /home/mrdulcich/DevProjs/RoboticsProjects/ros2_ws/src/build/turtlebot3_behavior_pkg/build/lib/turtlebot3_behavior_pkg
running install
running install_lib
creating /home/mrdulcich/DevProjs/RoboticsProjects/ros2_ws/src/install/turtlebot3_behavior_pkg/lib/python3.10/site-packages/turtlebot3_behavior_pkg
copying /home/mrdulcich/DevProjs/RoboticsProjects/ros2_ws/src/build/turtlebot3_behavior_pkg/build/lib/turtlebot3_behavior_pkg/behavior_node.py -> /home/mrdulcich/DevProjs/RoboticsProjects/ros2_ws/src/install/turtlebot3_behavior_pkg/lib/python3.10/site-packages/turtlebot3_behavior_pkg
copying /home/mrdulcich/DevProjs/RoboticsProjects/ros2_ws/src/build/turtlebot3_behavior_pkg/build/lib/turtlebot3_behavior_pkg/__init__.py -> /home/mrdulcich/DevProjs/RoboticsProjects/ros2_ws/src/install/turtlebot3_behavior_pkg/lib/python3.10/site-packages/turtlebot3_behavior_pkg
copying /home/mrdulcich/DevProjs/RoboticsProjects/ros2_ws/src/build/turtlebot3_behavior_pkg/build/lib/turtlebot3_behavior_pkg/teleop_node.py -> /home/mrdulcich/DevProjs/RoboticsProjects/ros2_ws/src/install/turtlebot3_behavior_pkg/lib/python3.10/site-packages/turtlebot3_behavior_pkg
byte-compiling /home/mrdulcich/DevProjs/RoboticsProjects/ros2_ws/src/install/turtlebot3_behavior_pkg/lib/python3.10/site-packages/turtlebot3_behavior_pkg/behavior_node.py to behavior_node.cpython-310.pyc
byte-compiling /home/mrdulcich/DevProjs/RoboticsProjects/ros2_ws/src/install/turtlebot3_behavior_pkg/lib/python3.10/site-packages/turtlebot3_behavior_pkg/__init__.py to __init__.cpython-310.pyc
byte-compiling /home/mrdulcich/DevProjs/RoboticsProjects/ros2_ws/src/install/turtlebot3_behavior_pkg/lib/python3.10/site-packages/turtlebot3_behavior_pkg/teleop_node.py to teleop_node.cpython-310.pyc
running install_data
creating /home/mrdulcich/DevProjs/RoboticsProjects/ros2_ws/src/install/turtlebot3_behavior_pkg/share/ament_index
creating /home/mrdulcich/DevProjs/RoboticsProjects/ros2_ws/src/install/turtlebot3_behavior_pkg/share/ament_index/resource_index
creating /home/mrdulcich/DevProjs/RoboticsProjects/ros2_ws/src/install/turtlebot3_behavior_pkg/share/ament_index/resource_index/packages
copying resource/turtlebot3_behavior_pkg -> /home/mrdulcich/DevProjs/RoboticsProjects/ros2_ws/src/install/turtlebot3_behavior_pkg/share/ament_index/resource_index/packages
copying package.xml -> /home/mrdulcich/DevProjs/RoboticsProjects/ros2_ws/src/install/turtlebot3_behavior_pkg/share/turtlebot3_behavior_pkg
running install_egg_info
Copying ../build/turtlebot3_behavior_pkg/turtlebot3_behavior_pkg.egg-info to /home/mrdulcich/DevProjs/RoboticsProjects/ros2_ws/src/install/turtlebot3_behavior_pkg/lib/python3.10/site-packages/turtlebot3_behavior_pkg-0.0.0-py3.10.egg-info
running install_scripts
writing list of installed files to '/home/mrdulcich/DevProjs/RoboticsProjects/ros2_ws/src/build/turtlebot3_behavior_pkg/install.log'
