[0.418s] Invoking command in '/home/mrdulcich/DevProjs/RoboticsProjects/ros2_ws/src/turtlebot3_behavior_pkg': PYTHONPATH=/home/mrdulcich/DevProjs/RoboticsProjects/ros2_ws/src/build/turtlebot3_behavior_pkg/prefix_override:/usr/lib/python3/dist-packages/colcon_core/task/python/colcon_distutils_commands:/home/mrdulcich/DevProjs/RoboticsProjects/ros2_ws/src/install/turtlebot3_behavior_pkg/lib/python3.10/site-packages:${PYTHONPATH} /usr/bin/python3 -W ignore:setup.py install is deprecated setup.py egg_info --egg-base ../build/turtlebot3_behavior_pkg build --build-base /home/mrdulcich/DevProjs/RoboticsProjects/ros2_ws/src/build/turtlebot3_behavior_pkg/build install --record /home/mrdulcich/DevProjs/RoboticsProjects/ros2_ws/src/build/turtlebot3_behavior_pkg/install.log --single-version-externally-managed install_data
[0.586s] running egg_info
[0.586s] creating ../build/turtlebot3_behavior_pkg/turtlebot3_behavior_pkg.egg-info
[0.586s] writing ../build/turtlebot3_behavior_pkg/turtlebot3_behavior_pkg.egg-info/PKG-INFO
[0.586s] writing dependency_links to ../build/turtlebot3_behavior_pkg/turtlebot3_behavior_pkg.egg-info/dependency_links.txt
[0.587s] writing entry points to ../build/turtlebot3_behavior_pkg/turtlebot3_behavior_pkg.egg-info/entry_points.txt
[0.587s] writing requirements to ../build/turtlebot3_behavior_pkg/turtlebot3_behavior_pkg.egg-info/requires.txt
[0.587s] writing top-level names to ../build/turtlebot3_behavior_pkg/turtlebot3_behavior_pkg.egg-info/top_level.txt
[0.587s] writing manifest file '../build/turtlebot3_behavior_pkg/turtlebot3_behavior_pkg.egg-info/SOURCES.txt'
[0.588s] reading manifest file '../build/turtlebot3_behavior_pkg/turtlebot3_behavior_pkg.egg-info/SOURCES.txt'
[0.588s] writing manifest file '../build/turtlebot3_behavior_pkg/turtlebot3_behavior_pkg.egg-info/SOURCES.txt'
[0.588s] running build
[0.588s] running build_py
[0.588s] creating /home/mrdulcich/DevProjs/RoboticsProjects/ros2_ws/src/build/turtlebot3_behavior_pkg/build
[0.588s] creating /home/mrdulcich/DevProjs/RoboticsProjects/ros2_ws/src/build/turtlebot3_behavior_pkg/build/lib
[0.589s] creating /home/mrdulcich/DevProjs/RoboticsProjects/ros2_ws/src/build/turtlebot3_behavior_pkg/build/lib/turtlebot3_behavior_pkg
[0.589s] copying turtlebot3_behavior_pkg/behavior_node.py -> /home/mrdulcich/DevProjs/RoboticsProjects/ros2_ws/src/build/turtlebot3_behavior_pkg/build/lib/turtlebot3_behavior_pkg
[0.589s] copying turtlebot3_behavior_pkg/__init__.py -> /home/mrdulcich/DevProjs/RoboticsProjects/ros2_ws/src/build/turtlebot3_behavior_pkg/build/lib/turtlebot3_behavior_pkg
[0.589s] copying turtlebot3_behavior_pkg/teleop_node.py -> /home/mrdulcich/DevProjs/RoboticsProjects/ros2_ws/src/build/turtlebot3_behavior_pkg/build/lib/turtlebot3_behavior_pkg
[0.589s] running install
[0.589s] running install_lib
[0.590s] creating /home/mrdulcich/DevProjs/RoboticsProjects/ros2_ws/src/install/turtlebot3_behavior_pkg/lib/python3.10/site-packages/turtlebot3_behavior_pkg
[0.590s] copying /home/mrdulcich/DevProjs/RoboticsProjects/ros2_ws/src/build/turtlebot3_behavior_pkg/build/lib/turtlebot3_behavior_pkg/behavior_node.py -> /home/mrdulcich/DevProjs/RoboticsProjects/ros2_ws/src/install/turtlebot3_behavior_pkg/lib/python3.10/site-packages/turtlebot3_behavior_pkg
[0.590s] copying /home/mrdulcich/DevProjs/RoboticsProjects/ros2_ws/src/build/turtlebot3_behavior_pkg/build/lib/turtlebot3_behavior_pkg/__init__.py -> /home/mrdulcich/DevProjs/RoboticsProjects/ros2_ws/src/install/turtlebot3_behavior_pkg/lib/python3.10/site-packages/turtlebot3_behavior_pkg
[0.590s] copying /home/mrdulcich/DevProjs/RoboticsProjects/ros2_ws/src/build/turtlebot3_behavior_pkg/build/lib/turtlebot3_behavior_pkg/teleop_node.py -> /home/mrdulcich/DevProjs/RoboticsProjects/ros2_ws/src/install/turtlebot3_behavior_pkg/lib/python3.10/site-packages/turtlebot3_behavior_pkg
[0.590s] byte-compiling /home/mrdulcich/DevProjs/RoboticsProjects/ros2_ws/src/install/turtlebot3_behavior_pkg/lib/python3.10/site-packages/turtlebot3_behavior_pkg/behavior_node.py to behavior_node.cpython-310.pyc
[0.590s] byte-compiling /home/mrdulcich/DevProjs/RoboticsProjects/ros2_ws/src/install/turtlebot3_behavior_pkg/lib/python3.10/site-packages/turtlebot3_behavior_pkg/__init__.py to __init__.cpython-310.pyc
[0.590s] byte-compiling /home/mrdulcich/DevProjs/RoboticsProjects/ros2_ws/src/install/turtlebot3_behavior_pkg/lib/python3.10/site-packages/turtlebot3_behavior_pkg/teleop_node.py to teleop_node.cpython-310.pyc
[0.591s] running install_data
[0.591s] creating /home/mrdulcich/DevProjs/RoboticsProjects/ros2_ws/src/install/turtlebot3_behavior_pkg/share/ament_index
[0.591s] creating /home/mrdulcich/DevProjs/RoboticsProjects/ros2_ws/src/install/turtlebot3_behavior_pkg/share/ament_index/resource_index
[0.591s] creating /home/mrdulcich/DevProjs/RoboticsProjects/ros2_ws/src/install/turtlebot3_behavior_pkg/share/ament_index/resource_index/packages
[0.591s] copying resource/turtlebot3_behavior_pkg -> /home/mrdulcich/DevProjs/RoboticsProjects/ros2_ws/src/install/turtlebot3_behavior_pkg/share/ament_index/resource_index/packages
[0.591s] copying package.xml -> /home/mrdulcich/DevProjs/RoboticsProjects/ros2_ws/src/install/turtlebot3_behavior_pkg/share/turtlebot3_behavior_pkg
[0.591s] running install_egg_info
[0.592s] Copying ../build/turtlebot3_behavior_pkg/turtlebot3_behavior_pkg.egg-info to /home/mrdulcich/DevProjs/RoboticsProjects/ros2_ws/src/install/turtlebot3_behavior_pkg/lib/python3.10/site-packages/turtlebot3_behavior_pkg-0.0.0-py3.10.egg-info
[0.593s] running install_scripts
[0.608s] writing list of installed files to '/home/mrdulcich/DevProjs/RoboticsProjects/ros2_ws/src/build/turtlebot3_behavior_pkg/install.log'
[0.629s] Invoked command in '/home/mrdulcich/DevProjs/RoboticsProjects/ros2_ws/src/turtlebot3_behavior_pkg' returned '0': PYTHONPATH=/home/mrdulcich/DevProjs/RoboticsProjects/ros2_ws/src/build/turtlebot3_behavior_pkg/prefix_override:/usr/lib/python3/dist-packages/colcon_core/task/python/colcon_distutils_commands:/home/mrdulcich/DevProjs/RoboticsProjects/ros2_ws/src/install/turtlebot3_behavior_pkg/lib/python3.10/site-packages:${PYTHONPATH} /usr/bin/python3 -W ignore:setup.py install is deprecated setup.py egg_info --egg-base ../build/turtlebot3_behavior_pkg build --build-base /home/mrdulcich/DevProjs/RoboticsProjects/ros2_ws/src/build/turtlebot3_behavior_pkg/build install --record /home/mrdulcich/DevProjs/RoboticsProjects/ros2_ws/src/build/turtlebot3_behavior_pkg/install.log --single-version-externally-managed install_data
