[0.464s] Invoking command in '/home/mrdulcich/DevProjs/RoboticsProjects/ros2_ws/src/turtlebot3_behavior_pkg': PYTHONPATH=/home/mrdulcich/DevProjs/RoboticsProjects/ros2_ws/build/turtlebot3_behavior_pkg/prefix_override:/usr/lib/python3/dist-packages/colcon_core/task/python/colcon_distutils_commands:/home/mrdulcich/DevProjs/RoboticsProjects/ros2_ws/install/turtlebot3_behavior_pkg/lib/python3.10/site-packages:${PYTHONPATH} /usr/bin/python3 -W ignore:setup.py install is deprecated setup.py egg_info --egg-base ../../build/turtlebot3_behavior_pkg build --build-base /home/mrdulcich/DevProjs/RoboticsProjects/ros2_ws/build/turtlebot3_behavior_pkg/build install --record /home/mrdulcich/DevProjs/RoboticsProjects/ros2_ws/build/turtlebot3_behavior_pkg/install.log --single-version-externally-managed install_data
[0.643s] running egg_info
[0.644s] writing ../../build/turtlebot3_behavior_pkg/turtlebot3_behavior_pkg.egg-info/PKG-INFO
[0.644s] writing dependency_links to ../../build/turtlebot3_behavior_pkg/turtlebot3_behavior_pkg.egg-info/dependency_links.txt
[0.644s] writing entry points to ../../build/turtlebot3_behavior_pkg/turtlebot3_behavior_pkg.egg-info/entry_points.txt
[0.644s] writing requirements to ../../build/turtlebot3_behavior_pkg/turtlebot3_behavior_pkg.egg-info/requires.txt
[0.644s] writing top-level names to ../../build/turtlebot3_behavior_pkg/turtlebot3_behavior_pkg.egg-info/top_level.txt
[0.645s] reading manifest file '../../build/turtlebot3_behavior_pkg/turtlebot3_behavior_pkg.egg-info/SOURCES.txt'
[0.646s] writing manifest file '../../build/turtlebot3_behavior_pkg/turtlebot3_behavior_pkg.egg-info/SOURCES.txt'
[0.646s] running build
[0.646s] running build_py
[0.646s] copying turtlebot3_behavior_pkg/behavior_node.py -> /home/mrdulcich/DevProjs/RoboticsProjects/ros2_ws/build/turtlebot3_behavior_pkg/build/lib/turtlebot3_behavior_pkg
[0.646s] running install
[0.647s] running install_lib
[0.647s] copying /home/mrdulcich/DevProjs/RoboticsProjects/ros2_ws/build/turtlebot3_behavior_pkg/build/lib/turtlebot3_behavior_pkg/behavior_node.py -> /home/mrdulcich/DevProjs/RoboticsProjects/ros2_ws/install/turtlebot3_behavior_pkg/lib/python3.10/site-packages/turtlebot3_behavior_pkg
[0.648s] byte-compiling /home/mrdulcich/DevProjs/RoboticsProjects/ros2_ws/install/turtlebot3_behavior_pkg/lib/python3.10/site-packages/turtlebot3_behavior_pkg/behavior_node.py to behavior_node.cpython-310.pyc
[0.648s] running install_data
[0.648s] copying turtlebot3_behavior_pkg/behavior_node.py -> /home/mrdulcich/DevProjs/RoboticsProjects/ros2_ws/install/turtlebot3_behavior_pkg/share/turtlebot3_behavior_pkg/turtlebot3_behavior_pkg
[0.648s] running install_egg_info
[0.650s] removing '/home/mrdulcich/DevProjs/RoboticsProjects/ros2_ws/install/turtlebot3_behavior_pkg/lib/python3.10/site-packages/turtlebot3_behavior_pkg-0.0.0-py3.10.egg-info' (and everything under it)
[0.650s] Copying ../../build/turtlebot3_behavior_pkg/turtlebot3_behavior_pkg.egg-info to /home/mrdulcich/DevProjs/RoboticsProjects/ros2_ws/install/turtlebot3_behavior_pkg/lib/python3.10/site-packages/turtlebot3_behavior_pkg-0.0.0-py3.10.egg-info
[0.651s] running install_scripts
[0.665s] Installing behavior_node script to /home/mrdulcich/DevProjs/RoboticsProjects/ros2_ws/install/turtlebot3_behavior_pkg/lib/turtlebot3_behavior_pkg
[0.666s] writing list of installed files to '/home/mrdulcich/DevProjs/RoboticsProjects/ros2_ws/build/turtlebot3_behavior_pkg/install.log'
[0.682s] Invoked command in '/home/mrdulcich/DevProjs/RoboticsProjects/ros2_ws/src/turtlebot3_behavior_pkg' returned '0': PYTHONPATH=/home/mrdulcich/DevProjs/RoboticsProjects/ros2_ws/build/turtlebot3_behavior_pkg/prefix_override:/usr/lib/python3/dist-packages/colcon_core/task/python/colcon_distutils_commands:/home/mrdulcich/DevProjs/RoboticsProjects/ros2_ws/install/turtlebot3_behavior_pkg/lib/python3.10/site-packages:${PYTHONPATH} /usr/bin/python3 -W ignore:setup.py install is deprecated setup.py egg_info --egg-base ../../build/turtlebot3_behavior_pkg build --build-base /home/mrdulcich/DevProjs/RoboticsProjects/ros2_ws/build/turtlebot3_behavior_pkg/build install --record /home/mrdulcich/DevProjs/RoboticsProjects/ros2_ws/build/turtlebot3_behavior_pkg/install.log --single-version-externally-managed install_data
