[0.441s] Invoking command in '/home/mrdulcich/DevProjs/RoboticsProjects/ros2_ws/src/turtlebot3_behavior_pkg': PYTHONPATH=/home/mrdulcich/DevProjs/RoboticsProjects/ros2_ws/build/turtlebot3_behavior_pkg/prefix_override:/usr/lib/python3/dist-packages/colcon_core/task/python/colcon_distutils_commands:/home/mrdulcich/DevProjs/RoboticsProjects/ros2_ws/install/turtlebot3_behavior_pkg/lib/python3.10/site-packages:${PYTHONPATH} /usr/bin/python3 -W ignore:setup.py install is deprecated setup.py egg_info --egg-base ../../build/turtlebot3_behavior_pkg build --build-base /home/mrdulcich/DevProjs/RoboticsProjects/ros2_ws/build/turtlebot3_behavior_pkg/build install --record /home/mrdulcich/DevProjs/RoboticsProjects/ros2_ws/build/turtlebot3_behavior_pkg/install.log --single-version-externally-managed install_data
[0.607s] running egg_info
[0.607s] creating ../../build/turtlebot3_behavior_pkg/turtlebot3_behavior_pkg.egg-info
[0.607s] writing ../../build/turtlebot3_behavior_pkg/turtlebot3_behavior_pkg.egg-info/PKG-INFO
[0.607s] writing dependency_links to ../../build/turtlebot3_behavior_pkg/turtlebot3_behavior_pkg.egg-info/dependency_links.txt
[0.607s] writing entry points to ../../build/turtlebot3_behavior_pkg/turtlebot3_behavior_pkg.egg-info/entry_points.txt
[0.607s] writing requirements to ../../build/turtlebot3_behavior_pkg/turtlebot3_behavior_pkg.egg-info/requires.txt
[0.607s] writing top-level names to ../../build/turtlebot3_behavior_pkg/turtlebot3_behavior_pkg.egg-info/top_level.txt
[0.607s] writing manifest file '../../build/turtlebot3_behavior_pkg/turtlebot3_behavior_pkg.egg-info/SOURCES.txt'
[0.608s] reading manifest file '../../build/turtlebot3_behavior_pkg/turtlebot3_behavior_pkg.egg-info/SOURCES.txt'
[0.609s] writing manifest file '../../build/turtlebot3_behavior_pkg/turtlebot3_behavior_pkg.egg-info/SOURCES.txt'
[0.609s] running build
[0.609s] running build_py
[0.609s] creating /home/mrdulcich/DevProjs/RoboticsProjects/ros2_ws/build/turtlebot3_behavior_pkg/build
[0.609s] creating /home/mrdulcich/DevProjs/RoboticsProjects/ros2_ws/build/turtlebot3_behavior_pkg/build/lib
[0.609s] creating /home/mrdulcich/DevProjs/RoboticsProjects/ros2_ws/build/turtlebot3_behavior_pkg/build/lib/turtlebot3_behavior_pkg
[0.609s] copying turtlebot3_behavior_pkg/__init__.py -> /home/mrdulcich/DevProjs/RoboticsProjects/ros2_ws/build/turtlebot3_behavior_pkg/build/lib/turtlebot3_behavior_pkg
[0.609s] running install
[0.609s] running install_lib
[0.610s] creating /home/mrdulcich/DevProjs/RoboticsProjects/ros2_ws/install/turtlebot3_behavior_pkg/lib/python3.10/site-packages/turtlebot3_behavior_pkg
[0.610s] copying /home/mrdulcich/DevProjs/RoboticsProjects/ros2_ws/build/turtlebot3_behavior_pkg/build/lib/turtlebot3_behavior_pkg/__init__.py -> /home/mrdulcich/DevProjs/RoboticsProjects/ros2_ws/install/turtlebot3_behavior_pkg/lib/python3.10/site-packages/turtlebot3_behavior_pkg
[0.610s] byte-compiling /home/mrdulcich/DevProjs/RoboticsProjects/ros2_ws/install/turtlebot3_behavior_pkg/lib/python3.10/site-packages/turtlebot3_behavior_pkg/__init__.py to __init__.cpython-310.pyc
[0.610s] running install_data
[0.611s] creating /home/mrdulcich/DevProjs/RoboticsProjects/ros2_ws/install/turtlebot3_behavior_pkg/share/ament_index
[0.611s] creating /home/mrdulcich/DevProjs/RoboticsProjects/ros2_ws/install/turtlebot3_behavior_pkg/share/ament_index/resource_index
[0.611s] creating /home/mrdulcich/DevProjs/RoboticsProjects/ros2_ws/install/turtlebot3_behavior_pkg/share/ament_index/resource_index/packages
[0.611s] copying resource/turtlebot3_behavior_pkg -> /home/mrdulcich/DevProjs/RoboticsProjects/ros2_ws/install/turtlebot3_behavior_pkg/share/ament_index/resource_index/packages
[0.611s] copying package.xml -> /home/mrdulcich/DevProjs/RoboticsProjects/ros2_ws/install/turtlebot3_behavior_pkg/share/turtlebot3_behavior_pkg
[0.611s] running install_egg_info
[0.612s] Copying ../../build/turtlebot3_behavior_pkg/turtlebot3_behavior_pkg.egg-info to /home/mrdulcich/DevProjs/RoboticsProjects/ros2_ws/install/turtlebot3_behavior_pkg/lib/python3.10/site-packages/turtlebot3_behavior_pkg-0.0.0-py3.10.egg-info
[0.613s] running install_scripts
[0.627s] writing list of installed files to '/home/mrdulcich/DevProjs/RoboticsProjects/ros2_ws/build/turtlebot3_behavior_pkg/install.log'
[0.647s] Invoked command in '/home/mrdulcich/DevProjs/RoboticsProjects/ros2_ws/src/turtlebot3_behavior_pkg' returned '0': PYTHONPATH=/home/mrdulcich/DevProjs/RoboticsProjects/ros2_ws/build/turtlebot3_behavior_pkg/prefix_override:/usr/lib/python3/dist-packages/colcon_core/task/python/colcon_distutils_commands:/home/mrdulcich/DevProjs/RoboticsProjects/ros2_ws/install/turtlebot3_behavior_pkg/lib/python3.10/site-packages:${PYTHONPATH} /usr/bin/python3 -W ignore:setup.py install is deprecated setup.py egg_info --egg-base ../../build/turtlebot3_behavior_pkg build --build-base /home/mrdulcich/DevProjs/RoboticsProjects/ros2_ws/build/turtlebot3_behavior_pkg/build install --record /home/mrdulcich/DevProjs/RoboticsProjects/ros2_ws/build/turtlebot3_behavior_pkg/install.log --single-version-externally-managed install_data
